<?xml version="1.0" encoding="UTF-8"?>
<testsuite name="com.example.project.TestFibonacci" tests="5" skipped="0" failures="0" errors="0" timestamp="2025-01-08T16:52:30" hostname="codespaces-07729f" time="0.065">
  <properties/>
  <testcase name="testGetIndexOf()" classname="com.example.project.TestFibonacci" time="0.021"/>
  <testcase name="testGetSequence()" classname="com.example.project.TestFibonacci" time="0.005"/>
  <testcase name="testExtendBy()" classname="com.example.project.TestFibonacci" time="0.001"/>
  <testcase name="testFibonacciString()" classname="com.example.project.TestFibonacci" time="0.023"/>
  <testcase name="testConstructor()" classname="com.example.project.TestFibonacci" time="0.001"/>
  <system-out><![CDATA[]]></system-out>
  <system-err><![CDATA[]]></system-err>
</testsuite>
